[debug] [2021-09-15T15:06:10.167Z] ----------------------------------------------------------------------
[debug] [2021-09-15T15:06:10.170Z] Command:       /usr/local/bin/firebase /Users/anmolsehgal/.cache/firebase/tools/lib/node_modules/firebase-tools/lib/bin/firebase init hosting
[debug] [2021-09-15T15:06:10.170Z] CLI Version:   9.18.0
[debug] [2021-09-15T15:06:10.170Z] Platform:      darwin
[debug] [2021-09-15T15:06:10.170Z] Node Version:  v12.18.1
[debug] [2021-09-15T15:06:10.171Z] Time:          Wed Sep 15 2021 20:36:10 GMT+0530 (India Standard Time)
[debug] [2021-09-15T15:06:10.171Z] ----------------------------------------------------------------------
[debug] 
[debug] [2021-09-15T15:06:10.177Z] > command requires scopes: ["email","openid","https://www.googleapis.com/auth/cloudplatformprojects.readonly","https://www.googleapis.com/auth/firebase","https://www.googleapis.com/auth/cloud-platform"]
[debug] [2021-09-15T15:06:10.177Z] > authorizing via signed-in user (anmols@geekyants.com)
[info] 
     ######## #### ########  ######## ########     ###     ######  ########
     ##        ##  ##     ## ##       ##     ##  ##   ##  ##       ##
     ######    ##  ########  ######   ########  #########  ######  ######
     ##        ##  ##    ##  ##       ##     ## ##     ##       ## ##
     ##       #### ##     ## ######## ########  ##     ##  ######  ########

You're about to initialize a Firebase project in this directory:

  /Users/anmolsehgal/Desktop/github/project

[info] 
=== Project Setup
[info] 
[info] First, let's associate this project directory with a Firebase project.
[info] You can create multiple project aliases by running firebase use --add, 
[info] but for now we'll just set up a default project.
[info] 
[debug] [2021-09-15T15:06:34.875Z] >>> [apiv2][query] GET https://firebase.googleapis.com/v1beta1/projects pageSize=100
[debug] [2021-09-15T15:06:35.593Z] <<< [apiv2][status] GET https://firebase.googleapis.com/v1beta1/projects 200
[debug] [2021-09-15T15:06:35.594Z] <<< [apiv2][body] GET https://firebase.googleapis.com/v1beta1/projects [omitted]
[info] i  Using project project-f4fec (project) 
[info] 
=== Hosting Setup
[info] 
[info] Your public directory is the folder (relative to your project directory) that
[info] will contain Hosting assets to be uploaded with firebase deploy. If you
[info] have a build process for your assets, use your build's output directory.
[info] 
